---------------------------------------------------------------

[2020-03-19T08:32:19+08:00] 127.0.0.1 GET www.test.com/admin/index/index
[运行时间：4.310876s] [吞吐率：0.23req/s] [内存消耗：3,558.20kb] [文件加载：90]
[ info ] [ LANG ] C:\xampp\htdocs\test\thinkphp\lang\zh-cn.php
[ info ] [ ROUTE ] array (
)
[ info ] [ HEADER ] array (
  'host' => 'www.test.com',
  'connection' => 'keep-alive',
  'upgrade-insecure-requests' => '1',
  'user-agent' => 'Mozilla/5.0 (Windows NT 10.0; WOW64) AppleWebKit/537.36 (KHTML, like Gecko) Chrome/80.0.3987.132 Safari/537.36',
  'accept' => 'text/html,application/xhtml+xml,application/xml;q=0.9,image/webp,image/apng,*/*;q=0.8,application/signed-exchange;v=b3;q=0.9',
  'purpose' => 'prefetch',
  'accept-encoding' => 'gzip, deflate',
  'accept-language' => 'zh-CN,zh;q=0.9',
)
[ info ] [ PARAM ] array (
  '/admin/index/index' => '',
)
[ info ] [ DB ] INIT mysql
[ info ] [ VIEW ] C:\xampp\htdocs\test\application\admin\view\index.html [ array (
  0 => 'loginInfo',
  1 => 'topMenu',
) ]
[ sql ] [ DB ] CONNECT:[ UseTime:0.048857s ] mysql:host=127.0.0.1;port=3306;dbname=flat;charset=utf8
[ sql ] [ SQL ] SHOW COLUMNS FROM `f_role` [ RunTime:0.071760s ]
[ sql ] [ SQL ] SELECT `permission` FROM `f_role` WHERE  `id` IS NULL LIMIT 1 [ RunTime:0.090219s ]
[ sql ] [ SQL ] SELECT `permission` FROM `f_role` WHERE  `id` IS NULL LIMIT 1 [ RunTime:0.000453s ]
[ sql ] [ SQL ] SHOW COLUMNS FROM `f_menu` [ RunTime:0.030758s ]
[ sql ] [ SQL ] SELECT *,name as title FROM `f_menu` WHERE  `status` = 1  AND `type` = 1  AND `pid` = 0  AND `id` = 0 ORDER BY `sort` ASC,`create_time` DESC [ RunTime:0.000698s ]
---------------------------------------------------------------

[2020-03-19T08:32:19+08:00] 127.0.0.1 GET www.test.com/admin/index/index
[运行时间：0.301662s] [吞吐率：3.31req/s] [内存消耗：3,557.89kb] [文件加载：90]
[ info ] [ LANG ] C:\xampp\htdocs\test\thinkphp\lang\zh-cn.php
[ info ] [ ROUTE ] array (
)
[ info ] [ HEADER ] array (
  'host' => 'www.test.com',
  'connection' => 'keep-alive',
  'upgrade-insecure-requests' => '1',
  'user-agent' => 'Mozilla/5.0 (Windows NT 10.0; WOW64) AppleWebKit/537.36 (KHTML, like Gecko) Chrome/80.0.3987.132 Safari/537.36',
  'accept' => 'text/html,application/xhtml+xml,application/xml;q=0.9,image/webp,image/apng,*/*;q=0.8,application/signed-exchange;v=b3;q=0.9',
  'accept-encoding' => 'gzip, deflate',
  'accept-language' => 'zh-CN,zh;q=0.9',
)
[ info ] [ PARAM ] array (
  '/admin/index/index' => '',
)
[ info ] [ DB ] INIT mysql
[ info ] [ VIEW ] C:\xampp\htdocs\test\application\admin\view\index.html [ array (
  0 => 'loginInfo',
  1 => 'topMenu',
) ]
[ sql ] [ DB ] CONNECT:[ UseTime:0.000984s ] mysql:host=127.0.0.1;port=3306;dbname=flat;charset=utf8
[ sql ] [ SQL ] SHOW COLUMNS FROM `f_role` [ RunTime:0.019641s ]
[ sql ] [ SQL ] SELECT `permission` FROM `f_role` WHERE  `id` IS NULL LIMIT 1 [ RunTime:0.000370s ]
[ sql ] [ SQL ] SELECT `permission` FROM `f_role` WHERE  `id` IS NULL LIMIT 1 [ RunTime:0.000335s ]
[ sql ] [ SQL ] SHOW COLUMNS FROM `f_menu` [ RunTime:0.206089s ]
[ sql ] [ SQL ] SELECT *,name as title FROM `f_menu` WHERE  `status` = 1  AND `type` = 1  AND `pid` = 0  AND `id` = 0 ORDER BY `sort` ASC,`create_time` DESC [ RunTime:0.000473s ]
---------------------------------------------------------------

[2020-03-19T08:32:19+08:00] 127.0.0.1 GET www.test.com/admin/main.html
[运行时间：0.279863s] [吞吐率：3.57req/s] [内存消耗：3,331.98kb] [文件加载：84]
[ info ] [ LANG ] C:\xampp\htdocs\test\thinkphp\lang\zh-cn.php
[ info ] [ ROUTE ] array (
)
[ info ] [ HEADER ] array (
  'host' => 'www.test.com',
  'connection' => 'keep-alive',
  'upgrade-insecure-requests' => '1',
  'user-agent' => 'Mozilla/5.0 (Windows NT 10.0; WOW64) AppleWebKit/537.36 (KHTML, like Gecko) Chrome/80.0.3987.132 Safari/537.36',
  'accept' => 'text/html,application/xhtml+xml,application/xml;q=0.9,image/webp,image/apng,*/*;q=0.8,application/signed-exchange;v=b3;q=0.9',
  'referer' => 'http://www.test.com/admin/index/index',
  'accept-encoding' => 'gzip, deflate',
  'accept-language' => 'zh-CN,zh;q=0.9',
  'cookie' => 'PHPSESSID=lerracoir3no52bp0dv6nrsvv0',
)
[ info ] [ PARAM ] array (
  '/admin/main_html' => '',
)
[ info ] [ DB ] INIT mysql
[ info ] [ VIEW ] C:\xampp\htdocs\test\application\admin\view\main\index.html [ array (
  0 => 'loginInfo',
  1 => 'data',
) ]
[ sql ] [ DB ] CONNECT:[ UseTime:0.010963s ] mysql:host=127.0.0.1;port=3306;dbname=flat;charset=utf8
[ sql ] [ SQL ] SHOW COLUMNS FROM `f_role` [ RunTime:0.057015s ]
[ sql ] [ SQL ] SELECT `permission` FROM `f_role` WHERE  `id` IS NULL LIMIT 1 [ RunTime:0.000347s ]
[ sql ] [ SQL ] select version() as verion [ RunTime:0.000298s ]
---------------------------------------------------------------

[2020-03-19T08:32:20+08:00] 127.0.0.1 GET www.test.com/admin/index/static/admin/js/bodyTab.js
[运行时间：0.548419s] [吞吐率：1.82req/s] [内存消耗：3,335.17kb] [文件加载：86]
[ info ] [ LANG ] C:\xampp\htdocs\test\thinkphp\lang\zh-cn.php
[ info ] [ ROUTE ] array (
)
[ info ] [ HEADER ] array (
  'host' => 'www.test.com',
  'connection' => 'keep-alive',
  'user-agent' => 'Mozilla/5.0 (Windows NT 10.0; WOW64) AppleWebKit/537.36 (KHTML, like Gecko) Chrome/80.0.3987.132 Safari/537.36',
  'accept' => '*/*',
  'referer' => 'http://www.test.com/admin/index/index',
  'accept-encoding' => 'gzip, deflate',
  'accept-language' => 'zh-CN,zh;q=0.9',
  'cookie' => 'PHPSESSID=lerracoir3no52bp0dv6nrsvv0',
)
[ info ] [ PARAM ] array (
  '/admin/index/static/admin/js/bodyTab_js' => '',
  'admin' => 'js',
)
[ info ] [ DB ] INIT mysql
[ sql ] [ DB ] CONNECT:[ UseTime:0.001146s ] mysql:host=127.0.0.1;port=3306;dbname=flat;charset=utf8
[ sql ] [ SQL ] SHOW COLUMNS FROM `f_role` [ RunTime:0.017193s ]
[ sql ] [ SQL ] SELECT `permission` FROM `f_role` WHERE  `id` IS NULL LIMIT 1 [ RunTime:0.000402s ]
---------------------------------------------------------------

[2020-03-19T08:32:20+08:00] 127.0.0.1 GET www.test.com/admin/index/favicon.ico
[运行时间：0.095901s] [吞吐率：10.43req/s] [内存消耗：3,335.38kb] [文件加载：86]
[ info ] [ LANG ] C:\xampp\htdocs\test\thinkphp\lang\zh-cn.php
[ info ] [ ROUTE ] array (
)
[ info ] [ HEADER ] array (
  'host' => 'www.test.com',
  'connection' => 'keep-alive',
  'user-agent' => 'Mozilla/5.0 (Windows NT 10.0; WOW64) AppleWebKit/537.36 (KHTML, like Gecko) Chrome/80.0.3987.132 Safari/537.36',
  'accept' => 'image/webp,image/apng,image/*,*/*;q=0.8',
  'referer' => 'http://www.test.com/admin/index/index',
  'accept-encoding' => 'gzip, deflate',
  'accept-language' => 'zh-CN,zh;q=0.9',
  'cookie' => 'thinkphp_show_page_trace=0|0; thinkphp_show_page_trace=0|0; PHPSESSID=lerracoir3no52bp0dv6nrsvv0',
)
[ info ] [ PARAM ] array (
  '/admin/index/favicon_ico' => '',
)
[ info ] [ DB ] INIT mysql
[ sql ] [ DB ] CONNECT:[ UseTime:0.003841s ] mysql:host=127.0.0.1;port=3306;dbname=flat;charset=utf8
[ sql ] [ SQL ] SHOW COLUMNS FROM `f_role` [ RunTime:0.020650s ]
[ sql ] [ SQL ] SELECT `permission` FROM `f_role` WHERE  `id` IS NULL LIMIT 1 [ RunTime:0.000315s ]
---------------------------------------------------------------

[2020-03-19T08:34:08+08:00] 127.0.0.1 GET www.test.com/admin/user/index
[运行时间：0.775249s] [吞吐率：1.29req/s] [内存消耗：3,514.13kb] [文件加载：87]
[ info ] [ LANG ] C:\xampp\htdocs\test\thinkphp\lang\zh-cn.php
[ info ] [ ROUTE ] array (
)
[ info ] [ HEADER ] array (
  'host' => 'www.test.com',
  'connection' => 'keep-alive',
  'upgrade-insecure-requests' => '1',
  'user-agent' => 'Mozilla/5.0 (Windows NT 10.0; WOW64) AppleWebKit/537.36 (KHTML, like Gecko) Chrome/80.0.3987.132 Safari/537.36',
  'accept' => 'text/html,application/xhtml+xml,application/xml;q=0.9,image/webp,image/apng,*/*;q=0.8,application/signed-exchange;v=b3;q=0.9',
  'accept-encoding' => 'gzip, deflate',
  'accept-language' => 'zh-CN,zh;q=0.9',
  'cookie' => 'thinkphp_show_page_trace=0|0; PHPSESSID=lerracoir3no52bp0dv6nrsvv0',
)
[ info ] [ PARAM ] array (
  '/admin/user/index' => '',
)
[ info ] [ DB ] INIT mysql
[ info ] [ VIEW ] C:\xampp\htdocs\test\application\admin\view\user\index.html [ array (
  0 => 'loginInfo',
  1 => 'role',
) ]
[ sql ] [ DB ] CONNECT:[ UseTime:0.011165s ] mysql:host=127.0.0.1;port=3306;dbname=flat;charset=utf8
[ sql ] [ SQL ] SHOW COLUMNS FROM `f_role` [ RunTime:0.121420s ]
[ sql ] [ SQL ] SELECT `permission` FROM `f_role` WHERE  `id` IS NULL LIMIT 1 [ RunTime:0.000360s ]
[ sql ] [ SQL ] SELECT * FROM `f_role` WHERE  `status` = 1 ORDER BY `id` ASC,`create_time` DESC [ RunTime:0.061111s ]
---------------------------------------------------------------

[2020-03-19T08:34:09+08:00] 127.0.0.1 GET www.test.com/admin/user/index?tableList&page=1&limit=10
[运行时间：0.308630s] [吞吐率：3.24req/s] [内存消耗：3,551.09kb] [文件加载：89]
[ info ] [ LANG ] C:\xampp\htdocs\test\thinkphp\lang\zh-cn.php
[ info ] [ ROUTE ] array (
)
[ info ] [ HEADER ] array (
  'host' => 'www.test.com',
  'connection' => 'keep-alive',
  'accept' => 'application/json, text/javascript, */*; q=0.01',
  'x-requested-with' => 'XMLHttpRequest',
  'user-agent' => 'Mozilla/5.0 (Windows NT 10.0; WOW64) AppleWebKit/537.36 (KHTML, like Gecko) Chrome/80.0.3987.132 Safari/537.36',
  'referer' => 'http://www.test.com/admin/user/index',
  'accept-encoding' => 'gzip, deflate',
  'accept-language' => 'zh-CN,zh;q=0.9',
  'cookie' => 'thinkphp_show_page_trace=0|0; thinkphp_show_page_trace=0|0; PHPSESSID=lerracoir3no52bp0dv6nrsvv0',
)
[ info ] [ PARAM ] array (
  '/admin/user/index' => '',
  'tableList' => '',
  'page' => '1',
  'limit' => '10',
)
[ info ] [ DB ] INIT mysql
[ sql ] [ DB ] CONNECT:[ UseTime:0.011124s ] mysql:host=127.0.0.1;port=3306;dbname=flat;charset=utf8
[ sql ] [ SQL ] SHOW COLUMNS FROM `f_role` [ RunTime:0.065589s ]
[ sql ] [ SQL ] SELECT `permission` FROM `f_role` WHERE  `id` IS NULL LIMIT 1 [ RunTime:0.000587s ]
[ sql ] [ SQL ] SHOW COLUMNS FROM `f_user` [ RunTime:0.057075s ]
[ sql ] [ SQL ] SELECT * FROM `f_user` ORDER BY `id` ASC,`create_time` DESC LIMIT 0,10 [ RunTime:0.000495s ]
[ sql ] [ SQL ] SELECT * FROM `f_role` WHERE  `id` IN (1,2) [ RunTime:0.000420s ]
[ sql ] [ SQL ] SELECT COUNT(*) AS tp_count FROM `f_user` [ RunTime:0.001054s ]
---------------------------------------------------------------

[2020-03-19T08:34:37+08:00] 127.0.0.1 GET www.test.com/admin/menu/index
[运行时间：0.126543s] [吞吐率：7.90req/s] [内存消耗：3,353.63kb] [文件加载：85]
[ info ] [ LANG ] C:\xampp\htdocs\test\thinkphp\lang\zh-cn.php
[ info ] [ ROUTE ] array (
)
[ info ] [ HEADER ] array (
  'host' => 'www.test.com',
  'connection' => 'keep-alive',
  'upgrade-insecure-requests' => '1',
  'user-agent' => 'Mozilla/5.0 (Windows NT 10.0; WOW64) AppleWebKit/537.36 (KHTML, like Gecko) Chrome/80.0.3987.132 Safari/537.36',
  'accept' => 'text/html,application/xhtml+xml,application/xml;q=0.9,image/webp,image/apng,*/*;q=0.8,application/signed-exchange;v=b3;q=0.9',
  'accept-encoding' => 'gzip, deflate',
  'accept-language' => 'zh-CN,zh;q=0.9',
  'cookie' => 'thinkphp_show_page_trace=0|0; PHPSESSID=lerracoir3no52bp0dv6nrsvv0',
)
[ info ] [ PARAM ] array (
  '/admin/menu/index' => '',
)
[ info ] [ DB ] INIT mysql
[ info ] [ VIEW ] C:\xampp\htdocs\test\application\admin\view\menu\index.html [ array (
  0 => 'loginInfo',
) ]
[ sql ] [ DB ] CONNECT:[ UseTime:0.010631s ] mysql:host=127.0.0.1;port=3306;dbname=flat;charset=utf8
[ sql ] [ SQL ] SHOW COLUMNS FROM `f_role` [ RunTime:0.019412s ]
[ sql ] [ SQL ] SELECT `permission` FROM `f_role` WHERE  `id` IS NULL LIMIT 1 [ RunTime:0.000351s ]
---------------------------------------------------------------

[2020-03-19T08:34:37+08:00] 127.0.0.1 GET www.test.com/admin/menu/index?tableList
[运行时间：0.085774s] [吞吐率：11.66req/s] [内存消耗：3,465.75kb] [文件加载：86]
[ info ] [ LANG ] C:\xampp\htdocs\test\thinkphp\lang\zh-cn.php
[ info ] [ ROUTE ] array (
)
[ info ] [ HEADER ] array (
  'host' => 'www.test.com',
  'connection' => 'keep-alive',
  'accept' => 'application/json, text/javascript, */*; q=0.01',
  'x-requested-with' => 'XMLHttpRequest',
  'user-agent' => 'Mozilla/5.0 (Windows NT 10.0; WOW64) AppleWebKit/537.36 (KHTML, like Gecko) Chrome/80.0.3987.132 Safari/537.36',
  'referer' => 'http://www.test.com/admin/menu/index',
  'accept-encoding' => 'gzip, deflate',
  'accept-language' => 'zh-CN,zh;q=0.9',
  'cookie' => 'thinkphp_show_page_trace=0|0; thinkphp_show_page_trace=0|0; PHPSESSID=lerracoir3no52bp0dv6nrsvv0',
)
[ info ] [ PARAM ] array (
  '/admin/menu/index' => '',
  'tableList' => '',
)
[ info ] [ DB ] INIT mysql
[ sql ] [ DB ] CONNECT:[ UseTime:0.007050s ] mysql:host=127.0.0.1;port=3306;dbname=flat;charset=utf8
[ sql ] [ SQL ] SHOW COLUMNS FROM `f_role` [ RunTime:0.013258s ]
[ sql ] [ SQL ] SELECT `permission` FROM `f_role` WHERE  `id` IS NULL LIMIT 1 [ RunTime:0.000358s ]
[ sql ] [ SQL ] SHOW COLUMNS FROM `f_menu` [ RunTime:0.016873s ]
[ sql ] [ SQL ] SELECT *,name as title FROM `f_menu` ORDER BY `sort` ASC,`create_time` DESC [ RunTime:0.000462s ]
---------------------------------------------------------------

[2020-03-19T08:34:55+08:00] 127.0.0.1 GET www.test.com/admin/menu/listUpdate?checkPermission=true
[运行时间：0.360635s] [吞吐率：2.77req/s] [内存消耗：3,326.51kb] [文件加载：84]
[ info ] [ LANG ] C:\xampp\htdocs\test\thinkphp\lang\zh-cn.php
[ info ] [ ROUTE ] array (
)
[ info ] [ HEADER ] array (
  'host' => 'www.test.com',
  'connection' => 'keep-alive',
  'accept' => '*/*',
  'x-requested-with' => 'XMLHttpRequest',
  'user-agent' => 'Mozilla/5.0 (Windows NT 10.0; WOW64) AppleWebKit/537.36 (KHTML, like Gecko) Chrome/80.0.3987.132 Safari/537.36',
  'referer' => 'http://www.test.com/admin/menu/index',
  'accept-encoding' => 'gzip, deflate',
  'accept-language' => 'zh-CN,zh;q=0.9',
  'cookie' => 'thinkphp_show_page_trace=0|0; thinkphp_show_page_trace=0|0; PHPSESSID=lerracoir3no52bp0dv6nrsvv0',
)
[ info ] [ PARAM ] array (
  '/admin/menu/listUpdate' => '',
  'checkPermission' => 'true',
)
[ info ] [ DB ] INIT mysql
[ sql ] [ DB ] CONNECT:[ UseTime:0.010829s ] mysql:host=127.0.0.1;port=3306;dbname=flat;charset=utf8
[ sql ] [ SQL ] SHOW COLUMNS FROM `f_role` [ RunTime:0.134069s ]
[ sql ] [ SQL ] SELECT `permission` FROM `f_role` WHERE  `id` IS NULL LIMIT 1 [ RunTime:0.000380s ]
[ sql ] [ SQL ] SHOW COLUMNS FROM `f_menu` [ RunTime:0.171946s ]
[ sql ] [ SQL ] SELECT `id` FROM `f_menu` WHERE  `href` = '/admin/menu/listUpdate'  OR `href` = 'admin/menu/listUpdate' LIMIT 1 [ RunTime:0.000432s ]
---------------------------------------------------------------

[2020-03-19T08:34:58+08:00] 127.0.0.1 GET www.test.com/admin/menu/listUpdate?checkPermission=true
[运行时间：0.285421s] [吞吐率：3.50req/s] [内存消耗：3,326.51kb] [文件加载：84]
[ info ] [ LANG ] C:\xampp\htdocs\test\thinkphp\lang\zh-cn.php
[ info ] [ ROUTE ] array (
)
[ info ] [ HEADER ] array (
  'host' => 'www.test.com',
  'connection' => 'keep-alive',
  'accept' => '*/*',
  'x-requested-with' => 'XMLHttpRequest',
  'user-agent' => 'Mozilla/5.0 (Windows NT 10.0; WOW64) AppleWebKit/537.36 (KHTML, like Gecko) Chrome/80.0.3987.132 Safari/537.36',
  'referer' => 'http://www.test.com/admin/menu/index',
  'accept-encoding' => 'gzip, deflate',
  'accept-language' => 'zh-CN,zh;q=0.9',
  'cookie' => 'thinkphp_show_page_trace=0|0; thinkphp_show_page_trace=0|0; PHPSESSID=lerracoir3no52bp0dv6nrsvv0',
)
[ info ] [ PARAM ] array (
  '/admin/menu/listUpdate' => '',
  'checkPermission' => 'true',
)
[ info ] [ DB ] INIT mysql
[ sql ] [ DB ] CONNECT:[ UseTime:0.011292s ] mysql:host=127.0.0.1;port=3306;dbname=flat;charset=utf8
[ sql ] [ SQL ] SHOW COLUMNS FROM `f_role` [ RunTime:0.039645s ]
[ sql ] [ SQL ] SELECT `permission` FROM `f_role` WHERE  `id` IS NULL LIMIT 1 [ RunTime:0.000341s ]
[ sql ] [ SQL ] SHOW COLUMNS FROM `f_menu` [ RunTime:0.192774s ]
[ sql ] [ SQL ] SELECT `id` FROM `f_menu` WHERE  `href` = '/admin/menu/listUpdate'  OR `href` = 'admin/menu/listUpdate' LIMIT 1 [ RunTime:0.000432s ]
---------------------------------------------------------------

[2020-03-19T08:35:31+08:00] 127.0.0.1 GET www.test.com/admin/main/index
[运行时间：0.352248s] [吞吐率：2.84req/s] [内存消耗：3,331.64kb] [文件加载：84]
[ info ] [ LANG ] C:\xampp\htdocs\test\thinkphp\lang\zh-cn.php
[ info ] [ ROUTE ] array (
)
[ info ] [ HEADER ] array (
  'host' => 'www.test.com',
  'connection' => 'keep-alive',
  'upgrade-insecure-requests' => '1',
  'user-agent' => 'Mozilla/5.0 (Windows NT 10.0; WOW64) AppleWebKit/537.36 (KHTML, like Gecko) Chrome/80.0.3987.132 Safari/537.36',
  'accept' => 'text/html,application/xhtml+xml,application/xml;q=0.9,image/webp,image/apng,*/*;q=0.8,application/signed-exchange;v=b3;q=0.9',
  'accept-encoding' => 'gzip, deflate',
  'accept-language' => 'zh-CN,zh;q=0.9',
  'cookie' => 'thinkphp_show_page_trace=0|0; PHPSESSID=lerracoir3no52bp0dv6nrsvv0',
)
[ info ] [ PARAM ] array (
  '/admin/main/index' => '',
)
[ info ] [ DB ] INIT mysql
[ info ] [ VIEW ] C:\xampp\htdocs\test\application\admin\view\main\index.html [ array (
  0 => 'loginInfo',
  1 => 'data',
) ]
[ sql ] [ DB ] CONNECT:[ UseTime:0.011401s ] mysql:host=127.0.0.1;port=3306;dbname=flat;charset=utf8
[ sql ] [ SQL ] SHOW COLUMNS FROM `f_role` [ RunTime:0.289976s ]
[ sql ] [ SQL ] SELECT `permission` FROM `f_role` WHERE  `id` IS NULL LIMIT 1 [ RunTime:0.000347s ]
[ sql ] [ SQL ] select version() as verion [ RunTime:0.000259s ]
---------------------------------------------------------------

[2020-03-19T08:36:41+08:00] 127.0.0.1 GET www.test.com/admin/user/index
[运行时间：0.357725s] [吞吐率：2.80req/s] [内存消耗：3,514.16kb] [文件加载：87]
[ info ] [ LANG ] C:\xampp\htdocs\test\thinkphp\lang\zh-cn.php
[ info ] [ ROUTE ] array (
)
[ info ] [ HEADER ] array (
  'host' => 'www.test.com',
  'connection' => 'keep-alive',
  'upgrade-insecure-requests' => '1',
  'user-agent' => 'Mozilla/5.0 (Windows NT 10.0; WOW64) AppleWebKit/537.36 (KHTML, like Gecko) Chrome/80.0.3987.132 Safari/537.36',
  'accept' => 'text/html,application/xhtml+xml,application/xml;q=0.9,image/webp,image/apng,*/*;q=0.8,application/signed-exchange;v=b3;q=0.9',
  'accept-encoding' => 'gzip, deflate',
  'accept-language' => 'zh-CN,zh;q=0.9',
  'cookie' => 'thinkphp_show_page_trace=0|0; thinkphp_show_page_trace=0|0; PHPSESSID=lerracoir3no52bp0dv6nrsvv0',
)
[ info ] [ PARAM ] array (
  '/admin/user/index' => '',
)
[ info ] [ DB ] INIT mysql
[ info ] [ VIEW ] C:\xampp\htdocs\test\application\admin\view\user\index.html [ array (
  0 => 'loginInfo',
  1 => 'role',
) ]
[ sql ] [ DB ] CONNECT:[ UseTime:0.010792s ] mysql:host=127.0.0.1;port=3306;dbname=flat;charset=utf8
[ sql ] [ SQL ] SHOW COLUMNS FROM `f_role` [ RunTime:0.265142s ]
[ sql ] [ SQL ] SELECT `permission` FROM `f_role` WHERE  `id` IS NULL LIMIT 1 [ RunTime:0.000412s ]
[ sql ] [ SQL ] SELECT * FROM `f_role` WHERE  `status` = 1 ORDER BY `id` ASC,`create_time` DESC [ RunTime:0.000468s ]
---------------------------------------------------------------

[2020-03-19T08:36:42+08:00] 127.0.0.1 GET www.test.com/admin/user/index?tableList&page=1&limit=10
[运行时间：0.465072s] [吞吐率：2.15req/s] [内存消耗：3,551.09kb] [文件加载：89]
[ info ] [ LANG ] C:\xampp\htdocs\test\thinkphp\lang\zh-cn.php
[ info ] [ ROUTE ] array (
)
[ info ] [ HEADER ] array (
  'host' => 'www.test.com',
  'connection' => 'keep-alive',
  'accept' => 'application/json, text/javascript, */*; q=0.01',
  'x-requested-with' => 'XMLHttpRequest',
  'user-agent' => 'Mozilla/5.0 (Windows NT 10.0; WOW64) AppleWebKit/537.36 (KHTML, like Gecko) Chrome/80.0.3987.132 Safari/537.36',
  'referer' => 'http://www.test.com/admin/user/index',
  'accept-encoding' => 'gzip, deflate',
  'accept-language' => 'zh-CN,zh;q=0.9',
  'cookie' => 'thinkphp_show_page_trace=0|0; thinkphp_show_page_trace=0|0; PHPSESSID=lerracoir3no52bp0dv6nrsvv0',
)
[ info ] [ PARAM ] array (
  '/admin/user/index' => '',
  'tableList' => '',
  'page' => '1',
  'limit' => '10',
)
[ info ] [ DB ] INIT mysql
[ sql ] [ DB ] CONNECT:[ UseTime:0.011497s ] mysql:host=127.0.0.1;port=3306;dbname=flat;charset=utf8
[ sql ] [ SQL ] SHOW COLUMNS FROM `f_role` [ RunTime:0.385860s ]
[ sql ] [ SQL ] SELECT `permission` FROM `f_role` WHERE  `id` IS NULL LIMIT 1 [ RunTime:0.000352s ]
[ sql ] [ SQL ] SHOW COLUMNS FROM `f_user` [ RunTime:0.017495s ]
[ sql ] [ SQL ] SELECT * FROM `f_user` ORDER BY `id` ASC,`create_time` DESC LIMIT 0,10 [ RunTime:0.000423s ]
[ sql ] [ SQL ] SELECT * FROM `f_role` WHERE  `id` IN (1,2) [ RunTime:0.000378s ]
[ sql ] [ SQL ] SELECT COUNT(*) AS tp_count FROM `f_user` [ RunTime:0.000286s ]
