---------------------------------------------------------------

[2020-06-05T14:09:56+08:00] 127.0.0.1 GET www.test.com/admin/index/index
[运行时间：3.903665s] [吞吐率：0.26req/s] [内存消耗：4,296.55kb] [文件加载：90]
[ info ] [ LANG ] C:\xampp\htdocs\test\thinkphp\lang\zh-cn.php
[ info ] [ ROUTE ] array (
)
[ info ] [ HEADER ] array (
  'host' => 'www.test.com',
  'connection' => 'keep-alive',
  'upgrade-insecure-requests' => '1',
  'user-agent' => 'Mozilla/5.0 (Windows NT 10.0; WOW64) AppleWebKit/537.36 (KHTML, like Gecko) Chrome/83.0.4103.61 Safari/537.36',
  'accept' => 'text/html,application/xhtml+xml,application/xml;q=0.9,image/webp,image/apng,*/*;q=0.8,application/signed-exchange;v=b3;q=0.9',
  'accept-encoding' => 'gzip, deflate',
  'accept-language' => 'zh-CN,zh;q=0.9',
)
[ info ] [ PARAM ] array (
  '/admin/index/index' => '',
)
[ info ] [ DB ] INIT mysql
[ info ] [ VIEW ] C:\xampp\htdocs\test\application\admin\view\index.html [ array (
  0 => 'loginInfo',
  1 => 'topMenu',
) ]
[ sql ] [ DB ] CONNECT:[ UseTime:0.011270s ] mysql:host=127.0.0.1;port=3306;dbname=flat;charset=utf8
[ sql ] [ SQL ] SHOW COLUMNS FROM `f_role` [ RunTime:0.125634s ]
[ sql ] [ SQL ] SELECT `permission` FROM `f_role` WHERE  `id` IS NULL LIMIT 1 [ RunTime:0.011786s ]
[ sql ] [ SQL ] SELECT `permission` FROM `f_role` WHERE  `id` IS NULL LIMIT 1 [ RunTime:0.001040s ]
[ sql ] [ SQL ] SHOW COLUMNS FROM `f_menu` [ RunTime:0.155144s ]
[ sql ] [ SQL ] SELECT *,name as title FROM `f_menu` WHERE  `status` = 1  AND `type` = 1  AND `pid` = 0  AND `id` = 0 ORDER BY `sort` ASC,`create_time` DESC [ RunTime:0.001077s ]
---------------------------------------------------------------

[2020-06-05T14:09:58+08:00] 127.0.0.1 GET www.test.com/admin/main.html
[运行时间：1.320070s] [吞吐率：0.76req/s] [内存消耗：4,032.49kb] [文件加载：84]
[ info ] [ LANG ] C:\xampp\htdocs\test\thinkphp\lang\zh-cn.php
[ info ] [ ROUTE ] array (
)
[ info ] [ HEADER ] array (
  'host' => 'www.test.com',
  'connection' => 'keep-alive',
  'upgrade-insecure-requests' => '1',
  'user-agent' => 'Mozilla/5.0 (Windows NT 10.0; WOW64) AppleWebKit/537.36 (KHTML, like Gecko) Chrome/83.0.4103.61 Safari/537.36',
  'accept' => 'text/html,application/xhtml+xml,application/xml;q=0.9,image/webp,image/apng,*/*;q=0.8,application/signed-exchange;v=b3;q=0.9',
  'referer' => 'http://www.test.com/admin/index/index',
  'accept-encoding' => 'gzip, deflate',
  'accept-language' => 'zh-CN,zh;q=0.9',
  'cookie' => 'PHPSESSID=v5ci1mfb0o7mn5v8pn8qbhbgv1',
)
[ info ] [ PARAM ] array (
  '/admin/main_html' => '',
)
[ info ] [ DB ] INIT mysql
[ info ] [ VIEW ] C:\xampp\htdocs\test\application\admin\view\main\index.html [ array (
  0 => 'loginInfo',
  1 => 'data',
) ]
[ sql ] [ DB ] CONNECT:[ UseTime:0.010619s ] mysql:host=127.0.0.1;port=3306;dbname=flat;charset=utf8
[ sql ] [ SQL ] SHOW COLUMNS FROM `f_role` [ RunTime:0.028557s ]
[ sql ] [ SQL ] SELECT `permission` FROM `f_role` WHERE  `id` IS NULL LIMIT 1 [ RunTime:0.001083s ]
[ sql ] [ SQL ] select version() as verion [ RunTime:0.000595s ]
---------------------------------------------------------------

[2020-06-05T14:10:01+08:00] 127.0.0.1 GET www.test.com/admin/index/static/admin/js/bodyTab.js
[运行时间：2.728468s] [吞吐率：0.37req/s] [内存消耗：4,049.68kb] [文件加载：86]
[ info ] [ LANG ] C:\xampp\htdocs\test\thinkphp\lang\zh-cn.php
[ info ] [ ROUTE ] array (
)
[ info ] [ HEADER ] array (
  'host' => 'www.test.com',
  'connection' => 'keep-alive',
  'user-agent' => 'Mozilla/5.0 (Windows NT 10.0; WOW64) AppleWebKit/537.36 (KHTML, like Gecko) Chrome/83.0.4103.61 Safari/537.36',
  'accept' => '*/*',
  'referer' => 'http://www.test.com/admin/index/index',
  'accept-encoding' => 'gzip, deflate',
  'accept-language' => 'zh-CN,zh;q=0.9',
  'cookie' => 'PHPSESSID=v5ci1mfb0o7mn5v8pn8qbhbgv1',
)
[ info ] [ PARAM ] array (
  '/admin/index/static/admin/js/bodyTab_js' => '',
  'admin' => 'js',
)
[ info ] [ DB ] INIT mysql
[ sql ] [ DB ] CONNECT:[ UseTime:0.011295s ] mysql:host=127.0.0.1;port=3306;dbname=flat;charset=utf8
[ sql ] [ SQL ] SHOW COLUMNS FROM `f_role` [ RunTime:0.238120s ]
[ sql ] [ SQL ] SELECT `permission` FROM `f_role` WHERE  `id` IS NULL LIMIT 1 [ RunTime:0.000416s ]
---------------------------------------------------------------

[2020-06-05T14:10:02+08:00] 127.0.0.1 GET www.test.com/admin/index/favicon.ico
[运行时间：1.251643s] [吞吐率：0.80req/s] [内存消耗：4,049.95kb] [文件加载：86]
[ info ] [ LANG ] C:\xampp\htdocs\test\thinkphp\lang\zh-cn.php
[ info ] [ ROUTE ] array (
)
[ info ] [ HEADER ] array (
  'host' => 'www.test.com',
  'connection' => 'keep-alive',
  'user-agent' => 'Mozilla/5.0 (Windows NT 10.0; WOW64) AppleWebKit/537.36 (KHTML, like Gecko) Chrome/83.0.4103.61 Safari/537.36',
  'accept' => 'image/webp,image/apng,image/*,*/*;q=0.8',
  'referer' => 'http://www.test.com/admin/index/index',
  'accept-encoding' => 'gzip, deflate',
  'accept-language' => 'zh-CN,zh;q=0.9',
  'cookie' => 'thinkphp_show_page_trace=0|0; thinkphp_show_page_trace=0|0; PHPSESSID=v5ci1mfb0o7mn5v8pn8qbhbgv1',
)
[ info ] [ PARAM ] array (
  '/admin/index/favicon_ico' => '',
)
[ info ] [ DB ] INIT mysql
[ sql ] [ DB ] CONNECT:[ UseTime:0.011345s ] mysql:host=127.0.0.1;port=3306;dbname=flat;charset=utf8
[ sql ] [ SQL ] SHOW COLUMNS FROM `f_role` [ RunTime:0.029547s ]
[ sql ] [ SQL ] SELECT `permission` FROM `f_role` WHERE  `id` IS NULL LIMIT 1 [ RunTime:0.000580s ]
